2025-07-05 18:19:00 | DEBUG | repo=Sigarayi-Birak | action=commit
2025-06-04 07:03:00 | INFO | repo=Sigarayi-Birak | action=commit
2025-04-20 11:05:00 | INFO | repo=Sigarayi-Birak | action=commit
2025-10-12 07:19:00 | WARN | repo=Sigarayi-Birak | action=test | passed=true
2025-06-13 15:37:00 | WARN | repo=Sigarayi-Birak | action=pull
2025-08-24 14:52:00 | INFO | repo=Sigarayi-Birak | action=commit
2025-12-21 11:47:00 | WARN | repo=Sigarayi-Birak | action=commit
2025-07-03 19:38:00 | INFO | repo=Sigarayi-Birak | action=commit
2025-08-22 15:48:00 | WARN | repo=Sigarayi-Birak | action=commit
2025-01-12 10:33:00 | INFO | repo=Sigarayi-Birak | action=pull
2025-11-18 08:33:00 | DEBUG | repo=Sigarayi-Birak | action=test | passed=true
2025-01-11 18:04:00 | INFO | repo=Sigarayi-Birak | action=edit | files=5
2025-07-02 07:40:00 | INFO | repo=Sigarayi-Birak | action=commit
2025-11-18 19:54:00 | INFO | repo=Sigarayi-Birak | action=test | passed=true
2025-02-01 20:08:00 | DEBUG | repo=Sigarayi-Birak | action=commit
2025-02-26 17:53:00 | INFO | repo=Sigarayi-Birak | action=test | passed=true
2025-02-01 07:06:00 | WARN | repo=Sigarayi-Birak | action=commit
2025-01-23 12:54:00 | INFO | repo=Sigarayi-Birak | action=commit
2025-08-02 13:33:00 | DEBUG | repo=Sigarayi-Birak | action=commit
2025-04-17 13:05:00 | WARN | repo=Sigarayi-Birak | action=commit
2025-09-16 20:02:00 | DEBUG | repo=Sigarayi-Birak | action=test | passed=true
2025-08-15 20:05:00 | WARN | repo=Sigarayi-Birak | action=commit
2025-08-20 07:37:00 | INFO | repo=Sigarayi-Birak | action=commit
2025-01-08 08:26:00 | INFO | repo=Sigarayi-Birak | action=test | passed=true
2025-07-07 19:11:00 | INFO | repo=Sigarayi-Birak | action=commit
2025-04-23 20:26:00 | WARN | repo=Sigarayi-Birak | action=commit
2025-05-01 08:07:00 | DEBUG | repo=Sigarayi-Birak | action=commit
2025-05-04 21:22:00 | WARN | repo=Sigarayi-Birak | action=commit
2025-02-24 11:36:00 | INFO | repo=Sigarayi-Birak | action=test | passed=true
2025-10-20 09:08:00 | DEBUG | repo=Sigarayi-Birak | action=commit
2025-11-07 07:42:00 | INFO | repo=Sigarayi-Birak | action=pull
2025-02-12 21:30:00 | DEBUG | repo=Sigarayi-Birak | action=commit
2025-03-25 18:15:00 | DEBUG | repo=Sigarayi-Birak | action=commit
2025-04-10 20:07:00 | INFO | repo=Sigarayi-Birak | action=pull
2025-10-09 15:10:00 | DEBUG | repo=Sigarayi-Birak | action=commit
2025-12-01 15:49:00 | WARN | repo=Sigarayi-Birak | action=commit
2025-08-17 08:32:00 | WARN | repo=Sigarayi-Birak | action=edit | files=1
2025-09-27 09:29:00 | DEBUG | repo=Sigarayi-Birak | action=test | passed=true
2025-10-21 17:35:00 | INFO | repo=Sigarayi-Birak | action=commit
2025-05-11 19:21:00 | INFO | repo=Sigarayi-Birak | action=commit
2025-12-17 09:46:00 | WARN | repo=Sigarayi-Birak | action=edit | files=2
2025-10-03 13:51:00 | WARN | repo=Sigarayi-Birak | action=commit
2025-12-28 08:35:00 | DEBUG | repo=Sigarayi-Birak | action=test | passed=true
2025-10-02 17:24:00 | INFO | repo=Sigarayi-Birak | action=test | passed=true
2025-08-09 13:21:00 | WARN | repo=Sigarayi-Birak | action=commit
2025-05-15 12:15:00 | INFO | repo=Sigarayi-Birak | action=commit
2025-12-16 21:06:00 | INFO | repo=Sigarayi-Birak | action=commit
2025-02-27 17:16:00 | WARN | repo=Sigarayi-Birak | action=commit
2025-06-25 16:23:00 | DEBUG | repo=Sigarayi-Birak | action=edit | files=1
2025-08-16 18:12:00 | WARN | repo=Sigarayi-Birak | action=test | passed=true
2025-06-27 14:43:00 | INFO | repo=Sigarayi-Birak | action=pull
2025-10-19 16:46:00 | WARN | repo=Sigarayi-Birak | action=commit
2025-11-02 15:53:00 | DEBUG | repo=Sigarayi-Birak | action=commit
2025-06-01 20:15:00 | WARN | repo=Sigarayi-Birak | action=commit
2025-02-27 20:19:00 | WARN | repo=Sigarayi-Birak | action=commit
2025-05-18 10:25:00 | WARN | repo=Sigarayi-Birak | action=commit
2025-04-03 21:46:00 | DEBUG | repo=Sigarayi-Birak | action=commit
2025-11-11 21:08:00 | INFO | repo=Sigarayi-Birak | action=commit
2025-07-06 13:58:00 | DEBUG | repo=Sigarayi-Birak | action=pull
2025-03-04 21:21:00 | WARN | repo=Sigarayi-Birak | action=test | passed=true
2025-06-28 20:13:00 | DEBUG | repo=Sigarayi-Birak | action=pull
2025-06-22 14:14:00 | DEBUG | repo=Sigarayi-Birak | action=commit
2025-06-05 16:03:00 | WARN | repo=Sigarayi-Birak | action=pull
2025-11-11 13:12:00 | DEBUG | repo=Sigarayi-Birak | action=commit
2025-01-22 07:09:00 | INFO | repo=Sigarayi-Birak | action=commit
2025-08-23 15:36:00 | DEBUG | repo=Sigarayi-Birak | action=commit
2025-10-11 20:16:00 | INFO | repo=Sigarayi-Birak | action=edit | files=4
2025-09-14 21:13:00 | DEBUG | repo=Sigarayi-Birak | action=commit
2025-04-03 21:03:00 | INFO | repo=Sigarayi-Birak | action=pull
2025-09-24 12:33:00 | INFO | repo=Sigarayi-Birak | action=commit
2025-02-03 09:08:00 | WARN | repo=Sigarayi-Birak | action=commit
2025-05-28 18:55:00 | INFO | repo=Sigarayi-Birak | action=commit
2025-10-05 08:40:00 | WARN | repo=Sigarayi-Birak | action=commit
2025-09-28 10:07:00 | INFO | repo=Sigarayi-Birak | action=commit
2025-05-06 14:24:00 | INFO | repo=Sigarayi-Birak | action=commit
2025-08-06 10:07:00 | WARN | repo=Sigarayi-Birak | action=commit
2025-03-14 20:43:00 | WARN | repo=Sigarayi-Birak | action=commit
2025-03-27 13:01:00 | WARN | repo=Sigarayi-Birak | action=edit | files=3
2025-02-08 10:45:00 | DEBUG | repo=Sigarayi-Birak | action=commit
2025-05-07 13:36:00 | DEBUG | repo=Sigarayi-Birak | action=commit
2025-03-12 15:12:00 | WARN | repo=Sigarayi-Birak | action=commit
2025-12-14 07:44:00 | DEBUG | repo=Sigarayi-Birak | action=commit
2025-06-16 14:00:00 | WARN | repo=Sigarayi-Birak | action=commit
2025-10-22 14:27:00 | INFO | repo=Sigarayi-Birak | action=commit
2025-09-05 08:42:00 | WARN | repo=Sigarayi-Birak | action=commit
2025-09-28 10:24:00 | WARN | repo=Sigarayi-Birak | action=commit
2025-07-08 13:30:00 | WARN | repo=Sigarayi-Birak | action=commit
2025-03-04 09:51:00 | WARN | repo=Sigarayi-Birak | action=commit
2025-08-11 13:34:00 | INFO | repo=Sigarayi-Birak | action=commit
2025-11-17 21:35:00 | WARN | repo=Sigarayi-Birak | action=commit
2025-05-01 07:24:00 | DEBUG | repo=Sigarayi-Birak | action=commit
2025-05-09 20:02:00 | WARN | repo=Sigarayi-Birak | action=commit
2025-08-09 21:46:00 | WARN | repo=Sigarayi-Birak | action=commit
2025-04-02 09:40:00 | INFO | repo=Sigarayi-Birak | action=pull
2025-04-12 13:06:00 | DEBUG | repo=Sigarayi-Birak | action=commit
2025-09-20 14:20:00 | WARN | repo=Sigarayi-Birak | action=commit
2025-01-03 12:50:00 | DEBUG | repo=Sigarayi-Birak | action=commit
2025-04-28 15:48:00 | INFO | repo=Sigarayi-Birak | action=commit
2025-04-04 12:24:00 | INFO | repo=Sigarayi-Birak | action=test | passed=true
2025-04-14 19:02:00 | INFO | repo=Sigarayi-Birak | action=edit | files=5
2025-09-27 10:40:00 | WARN | repo=Sigarayi-Birak | action=commit
2025-10-14 15:42:00 | DEBUG | repo=Sigarayi-Birak | action=commit
2025-02-25 19:18:00 | DEBUG | repo=Sigarayi-Birak | action=commit
2025-09-15 10:11:00 | WARN | repo=Sigarayi-Birak | action=commit
2025-12-06 11:54:00 | INFO | repo=Sigarayi-Birak | action=commit
2025-03-02 14:04:00 | INFO | repo=Sigarayi-Birak | action=commit
2025-08-19 17:06:00 | DEBUG | repo=Sigarayi-Birak | action=edit | files=1
2025-01-14 12:58:00 | INFO | repo=Sigarayi-Birak | action=commit
2025-07-28 15:01:00 | INFO | repo=Sigarayi-Birak | action=commit
2025-06-03 12:55:00 | INFO | repo=Sigarayi-Birak | action=pull
2025-08-14 11:54:00 | INFO | repo=Sigarayi-Birak | action=commit
2026-02-11 08:10:00 | INFO | repo=Sigarayi-Birak | action=test | passed=true
2026-09-08 17:51:00 | WARN | repo=Sigarayi-Birak | action=commit
2026-02-04 14:42:00 | DEBUG | repo=Sigarayi-Birak | action=commit
2026-06-18 19:53:00 | DEBUG | repo=Sigarayi-Birak | action=pull
2026-09-02 15:40:00 | DEBUG | repo=Sigarayi-Birak | action=commit
2026-03-05 20:06:00 | INFO | repo=Sigarayi-Birak | action=test | passed=true
2026-10-09 08:35:00 | DEBUG | repo=Sigarayi-Birak | action=commit
2026-06-22 15:52:00 | WARN | repo=Sigarayi-Birak | action=commit
2026-07-25 08:46:00 | WARN | repo=Sigarayi-Birak | action=commit
2026-08-22 14:25:00 | DEBUG | repo=Sigarayi-Birak | action=commit
2026-09-15 19:45:00 | INFO | repo=Sigarayi-Birak | action=commit
2026-06-21 14:14:00 | WARN | repo=Sigarayi-Birak | action=commit
2026-10-03 16:03:00 | DEBUG | repo=Sigarayi-Birak | action=commit
2026-07-01 08:24:00 | DEBUG | repo=Sigarayi-Birak | action=test | passed=true
2026-02-28 14:58:00 | WARN | repo=Sigarayi-Birak | action=edit | files=2
2026-12-05 19:12:00 | INFO | repo=Sigarayi-Birak | action=test | passed=true
2026-11-05 17:35:00 | DEBUG | repo=Sigarayi-Birak | action=test | passed=true
2026-02-23 07:44:00 | INFO | repo=Sigarayi-Birak | action=commit
2025-07-23 07:17:00 | DEBUG | repo=Sigarayi-Birak | action=commit
2025-05-23 20:54:00 | INFO | repo=Sigarayi-Birak | action=edit | files=3
2025-09-24 07:22:00 | INFO | repo=Sigarayi-Birak | action=pull
2025-02-10 11:51:00 | DEBUG | repo=Sigarayi-Birak | action=commit
2025-12-08 09:40:00 | WARN | repo=Sigarayi-Birak | action=commit
2025-01-13 13:59:00 | WARN | repo=Sigarayi-Birak | action=commit
2025-02-05 07:13:00 | DEBUG | repo=Sigarayi-Birak | action=commit
2025-11-07 21:32:00 | WARN | repo=Sigarayi-Birak | action=test | passed=true
2025-09-09 19:08:00 | WARN | repo=Sigarayi-Birak | action=commit
2025-06-17 13:31:00 | INFO | repo=Sigarayi-Birak | action=edit | files=5
2025-07-06 19:55:00 | WARN | repo=Sigarayi-Birak | action=edit | files=2
2025-08-01 15:32:00 | INFO | repo=Sigarayi-Birak | action=commit
2025-07-04 16:31:00 | INFO | repo=Sigarayi-Birak | action=commit
2025-04-10 21:12:00 | INFO | repo=Sigarayi-Birak | action=commit
2025-08-15 12:41:00 | DEBUG | repo=Sigarayi-Birak | action=commit
2025-01-26 18:48:00 | DEBUG | repo=Sigarayi-Birak | action=commit
2025-07-12 12:30:00 | DEBUG | repo=Sigarayi-Birak | action=commit
2025-08-11 09:34:00 | INFO | repo=Sigarayi-Birak | action=commit
2025-08-27 09:22:00 | WARN | repo=Sigarayi-Birak | action=commit
2025-12-26 11:24:00 | WARN | repo=Sigarayi-Birak | action=commit
2025-06-25 20:25:00 | DEBUG | repo=Sigarayi-Birak | action=edit | files=2
2025-09-05 21:55:00 | INFO | repo=Sigarayi-Birak | action=commit
2025-08-16 08:17:00 | DEBUG | repo=Sigarayi-Birak | action=commit
2025-11-16 11:02:00 | INFO | repo=Sigarayi-Birak | action=test | passed=true
2025-02-20 16:10:00 | WARN | repo=Sigarayi-Birak | action=commit
2025-11-05 09:42:00 | DEBUG | repo=Sigarayi-Birak | action=commit
2025-05-03 12:55:00 | WARN | repo=Sigarayi-Birak | action=commit
2025-12-11 18:54:00 | INFO | repo=Sigarayi-Birak | action=pull
2025-05-03 12:31:00 | WARN | repo=Sigarayi-Birak | action=commit
2025-12-04 14:31:00 | WARN | repo=Sigarayi-Birak | action=test | passed=true
2025-06-04 08:51:00 | INFO | repo=Sigarayi-Birak | action=commit
2025-10-13 11:02:00 | INFO | repo=Sigarayi-Birak | action=commit
2025-06-17 17:39:00 | DEBUG | repo=Sigarayi-Birak | action=test | passed=true
2025-07-24 15:51:00 | WARN | repo=Sigarayi-Birak | action=commit
2025-11-13 20:13:00 | DEBUG | repo=Sigarayi-Birak | action=pull
2025-08-26 15:56:00 | DEBUG | repo=Sigarayi-Birak | action=commit
2025-05-22 07:29:00 | INFO | repo=Sigarayi-Birak | action=commit
2025-05-18 13:07:00 | DEBUG | repo=Sigarayi-Birak | action=edit | files=5
2025-05-26 08:44:00 | DEBUG | repo=Sigarayi-Birak | action=commit
2025-12-26 08:09:00 | INFO | repo=Sigarayi-Birak | action=commit
2025-02-05 15:22:00 | INFO | repo=Sigarayi-Birak | action=commit
2025-05-10 20:24:00 | WARN | repo=Sigarayi-Birak | action=pull
2025-11-28 16:58:00 | DEBUG | repo=Sigarayi-Birak | action=pull
2025-07-15 08:38:00 | INFO | repo=Sigarayi-Birak | action=commit
2025-02-08 19:46:00 | DEBUG | repo=Sigarayi-Birak | action=commit
2025-06-27 18:03:00 | INFO | repo=Sigarayi-Birak | action=test | passed=true
2025-06-09 12:03:00 | DEBUG | repo=Sigarayi-Birak | action=commit
2025-08-13 07:49:00 | INFO | repo=Sigarayi-Birak | action=commit
2025-03-17 09:16:00 | WARN | repo=Sigarayi-Birak | action=commit
2025-06-06 08:27:00 | INFO | repo=Sigarayi-Birak | action=test | passed=true
2025-04-05 15:10:00 | WARN | repo=Sigarayi-Birak | action=commit
2025-05-08 21:56:00 | INFO | repo=Sigarayi-Birak | action=commit
2025-01-23 19:28:00 | DEBUG | repo=Sigarayi-Birak | action=commit
2025-10-22 07:28:00 | DEBUG | repo=Sigarayi-Birak | action=commit
2025-06-02 08:29:00 | DEBUG | repo=Sigarayi-Birak | action=commit
2025-04-04 08:49:00 | WARN | repo=Sigarayi-Birak | action=edit | files=1
2025-11-12 08:02:00 | DEBUG | repo=Sigarayi-Birak | action=commit
2025-06-20 08:53:00 | DEBUG | repo=Sigarayi-Birak | action=test | passed=true
2025-10-14 16:06:00 | INFO | repo=Sigarayi-Birak | action=commit
2025-07-19 17:37:00 | DEBUG | repo=Sigarayi-Birak | action=edit | files=5
2025-06-17 16:14:00 | DEBUG | repo=Sigarayi-Birak | action=edit | files=3
2025-10-25 21:46:00 | WARN | repo=Sigarayi-Birak | action=commit
2025-02-28 20:39:00 | WARN | repo=Sigarayi-Birak | action=pull
2025-11-14 08:40:00 | DEBUG | repo=Sigarayi-Birak | action=edit | files=4
2025-06-12 15:22:00 | DEBUG | repo=Sigarayi-Birak | action=commit
2025-11-23 18:04:00 | WARN | repo=Sigarayi-Birak | action=pull
2025-03-24 19:35:00 | INFO | repo=Sigarayi-Birak | action=commit
2025-10-15 09:48:00 | WARN | repo=Sigarayi-Birak | action=test | passed=true
2025-02-20 07:09:00 | WARN | repo=Sigarayi-Birak | action=pull
2025-10-01 13:17:00 | WARN | repo=Sigarayi-Birak | action=commit
2025-10-23 07:45:00 | WARN | repo=Sigarayi-Birak | action=commit
2025-03-11 20:59:00 | INFO | repo=Sigarayi-Birak | action=commit
2025-08-17 16:21:00 | WARN | repo=Sigarayi-Birak | action=test | passed=true
2025-06-27 21:28:00 | DEBUG | repo=Sigarayi-Birak | action=commit
2025-08-08 14:24:00 | DEBUG | repo=Sigarayi-Birak | action=commit
2025-12-18 17:12:00 | WARN | repo=Sigarayi-Birak | action=test | passed=true
2025-01-26 18:00:00 | WARN | repo=Sigarayi-Birak | action=commit
2025-11-11 11:20:00 | INFO | repo=Sigarayi-Birak | action=test | passed=true
2025-04-12 08:46:00 | DEBUG | repo=Sigarayi-Birak | action=pull
2025-02-05 18:26:00 | DEBUG | repo=Sigarayi-Birak | action=commit
2025-09-01 21:29:00 | DEBUG | repo=Sigarayi-Birak | action=pull
2025-01-14 19:15:00 | WARN | repo=Sigarayi-Birak | action=commit
2025-02-11 16:18:00 | WARN | repo=Sigarayi-Birak | action=test | passed=true
2025-05-06 09:26:00 | WARN | repo=Sigarayi-Birak | action=commit
2024-09-09 19:40:00 | WARN | repo=Sigarayi-Birak | action=commit
2025-09-14 21:09:00 | DEBUG | repo=Sigarayi-Birak | action=pull
2025-08-14 09:06:00 | INFO | repo=Sigarayi-Birak | action=commit
2025-02-22 08:33:00 | INFO | repo=Sigarayi-Birak | action=pull
2024-09-28 08:52:00 | WARN | repo=Sigarayi-Birak | action=commit
2025-12-21 09:51:00 | DEBUG | repo=Sigarayi-Birak | action=commit
2024-06-14 14:44:00 | WARN | repo=Sigarayi-Birak | action=test | passed=true
2025-11-08 21:40:00 | INFO | repo=Sigarayi-Birak | action=commit
2024-02-20 16:28:00 | INFO | repo=Sigarayi-Birak | action=commit
2024-03-07 18:01:00 | DEBUG | repo=Sigarayi-Birak | action=pull
2025-11-13 11:27:00 | DEBUG | repo=Sigarayi-Birak | action=edit | files=2
2024-09-21 16:26:00 | INFO | repo=Sigarayi-Birak | action=commit
2024-03-21 11:14:00 | INFO | repo=Sigarayi-Birak | action=commit
2025-03-10 10:38:00 | DEBUG | repo=Sigarayi-Birak | action=pull
2025-03-09 16:47:00 | DEBUG | repo=Sigarayi-Birak | action=commit
2025-09-04 08:20:00 | DEBUG | repo=Sigarayi-Birak | action=commit
2025-11-06 21:03:00 | WARN | repo=Sigarayi-Birak | action=commit
2024-01-22 21:57:00 | DEBUG | repo=Sigarayi-Birak | action=pull
2024-04-27 14:02:00 | WARN | repo=Sigarayi-Birak | action=commit
2025-03-22 08:42:00 | WARN | repo=Sigarayi-Birak | action=commit
2025-03-13 11:37:00 | DEBUG | repo=Sigarayi-Birak | action=commit
2024-08-11 13:49:00 | DEBUG | repo=Sigarayi-Birak | action=commit
2025-04-02 08:01:00 | DEBUG | repo=Sigarayi-Birak | action=test | passed=true
2024-08-03 12:26:00 | DEBUG | repo=Sigarayi-Birak | action=test | passed=true
2025-03-02 20:27:00 | DEBUG | repo=Sigarayi-Birak | action=commit
2024-12-16 09:59:00 | DEBUG | repo=Sigarayi-Birak | action=commit
2025-01-13 10:43:00 | DEBUG | repo=Sigarayi-Birak | action=commit
2025-12-13 15:34:00 | WARN | repo=Sigarayi-Birak | action=commit
2024-10-02 18:33:00 | WARN | repo=Sigarayi-Birak | action=commit
2025-11-24 18:54:00 | DEBUG | repo=Sigarayi-Birak | action=commit
2025-01-13 16:56:00 | WARN | repo=Sigarayi-Birak | action=test | passed=true
2025-11-18 08:36:00 | INFO | repo=Sigarayi-Birak | action=commit
2024-07-23 09:25:00 | INFO | repo=Sigarayi-Birak | action=commit
2024-09-15 14:47:00 | INFO | repo=Sigarayi-Birak | action=commit
2024-11-23 08:19:00 | WARN | repo=Sigarayi-Birak | action=pull
2024-08-17 11:50:00 | WARN | repo=Sigarayi-Birak | action=edit | files=2
2025-10-21 09:26:00 | DEBUG | repo=Sigarayi-Birak | action=edit | files=5
2025-10-28 20:03:00 | DEBUG | repo=Sigarayi-Birak | action=commit
2024-02-17 07:13:00 | WARN | repo=Sigarayi-Birak | action=test | passed=true
2024-12-08 09:29:00 | WARN | repo=Sigarayi-Birak | action=edit | files=1
2024-02-12 14:29:00 | DEBUG | repo=Sigarayi-Birak | action=commit
2025-04-11 08:36:00 | WARN | repo=Sigarayi-Birak | action=commit
2025-11-10 10:52:00 | DEBUG | repo=Sigarayi-Birak | action=commit
2024-09-17 16:33:00 | WARN | repo=Sigarayi-Birak | action=commit
2024-07-03 07:01:00 | WARN | repo=Sigarayi-Birak | action=commit
2025-11-07 16:23:00 | DEBUG | repo=Sigarayi-Birak | action=pull
2025-08-11 17:17:00 | WARN | repo=Sigarayi-Birak | action=edit | files=3
2024-04-22 12:53:00 | WARN | repo=Sigarayi-Birak | action=edit | files=3
2025-01-13 16:47:00 | DEBUG | repo=Sigarayi-Birak | action=commit
2025-09-13 17:23:00 | DEBUG | repo=Sigarayi-Birak | action=commit
2025-07-08 12:12:00 | DEBUG | repo=Sigarayi-Birak | action=edit | files=5
2025-04-07 20:37:00 | DEBUG | repo=Sigarayi-Birak | action=commit
2025-05-24 21:38:00 | WARN | repo=Sigarayi-Birak | action=edit | files=5
2025-09-26 08:31:00 | INFO | repo=Sigarayi-Birak | action=pull
2025-03-25 08:42:00 | INFO | repo=Sigarayi-Birak | action=commit
2025-02-22 10:34:00 | WARN | repo=Sigarayi-Birak | action=commit
2025-09-01 19:09:00 | INFO | repo=Sigarayi-Birak | action=commit
2025-07-15 12:53:00 | INFO | repo=Sigarayi-Birak | action=commit
2025-07-09 13:06:00 | WARN | repo=Sigarayi-Birak | action=pull
2025-05-27 14:55:00 | DEBUG | repo=Sigarayi-Birak | action=edit | files=5
2025-09-18 10:26:00 | WARN | repo=Sigarayi-Birak | action=test | passed=true
2025-02-23 15:49:00 | WARN | repo=Sigarayi-Birak | action=commit
2025-12-14 08:14:00 | INFO | repo=Sigarayi-Birak | action=edit | files=3
2025-11-14 17:53:00 | DEBUG | repo=Sigarayi-Birak | action=pull
2025-02-23 17:21:00 | INFO | repo=Sigarayi-Birak | action=commit
2025-11-01 15:37:00 | INFO | repo=Sigarayi-Birak | action=pull
2025-05-05 19:03:00 | INFO | repo=Sigarayi-Birak | action=commit
2025-04-09 08:52:00 | DEBUG | repo=Sigarayi-Birak | action=test | passed=true
2025-02-11 10:11:00 | WARN | repo=Sigarayi-Birak | action=commit
2025-10-25 18:22:00 | WARN | repo=Sigarayi-Birak | action=test | passed=true
2025-12-02 07:13:00 | DEBUG | repo=Sigarayi-Birak | action=commit
2025-12-25 18:32:00 | INFO | repo=Sigarayi-Birak | action=edit | files=5
2025-06-01 11:18:00 | DEBUG | repo=Sigarayi-Birak | action=commit
2025-10-17 15:19:00 | INFO | repo=Sigarayi-Birak | action=pull
2025-11-18 18:02:00 | INFO | repo=Sigarayi-Birak | action=commit
2025-02-16 16:44:00 | DEBUG | repo=Sigarayi-Birak | action=commit
2025-08-05 19:09:00 | WARN | repo=Sigarayi-Birak | action=commit
2025-12-03 08:15:00 | WARN | repo=Sigarayi-Birak | action=commit
2025-02-10 07:58:00 | WARN | repo=Sigarayi-Birak | action=commit
2025-12-13 17:39:00 | WARN | repo=Sigarayi-Birak | action=commit
2025-11-04 19:59:00 | WARN | repo=Sigarayi-Birak | action=commit
2025-05-16 21:10:00 | INFO | repo=Sigarayi-Birak | action=commit
2025-03-01 07:48:00 | INFO | repo=Sigarayi-Birak | action=commit
2025-03-19 08:09:00 | WARN | repo=Sigarayi-Birak | action=commit
2025-10-01 20:11:00 | DEBUG | repo=Sigarayi-Birak | action=commit
2025-04-09 13:41:00 | WARN | repo=Sigarayi-Birak | action=commit
2025-12-20 08:11:00 | INFO | repo=Sigarayi-Birak | action=commit
2025-11-11 08:36:00 | WARN | repo=Sigarayi-Birak | action=commit
2025-01-03 19:45:00 | DEBUG | repo=Sigarayi-Birak | action=commit
2025-06-11 21:12:00 | WARN | repo=Sigarayi-Birak | action=test | passed=true
2025-08-01 17:21:00 | INFO | repo=Sigarayi-Birak | action=commit
